app/build/intermediates/proguard-rules/release/aapt_rules.txt
# Referenced at merged_manifests/release/AndroidManifest.xml:15
-keep class com.anonyme.nookclock.MainActivity { <init>(); }